{
  "RSpec": {
    "coverage": {
      "/Users/bart/Documents/DEV/libra_app/spec/models/author_spec.rb": {
        "lines": [
          null,
          null,
          1,
          null,
          1,
          1,
          7,
          null,
          1,
          2,
          null,
          1,
          2,
          null,
          1,
          2,
          null,
          1,
          2,
          null,
          1,
          2,
          null,
          1,
          2,
          null,
          null,
          null
        ]
      },
      "/Users/bart/Documents/DEV/libra_app/spec/rails_helper.rb": {
        "lines": [
          null,
          null,
          null,
          1,
          1,
          1,
          null,
          1,
          1,
          1,
          null,
          null,
          null,
          null,
          null,
          null,
          null,
          null,
          null,
          null,
          null,
          null,
          null,
          null,
          null,
          null,
          null,
          null,
          null,
          null,
          1,
          null,
          0,
          null,
          null,
          1,
          1,
          1,
          1,
          null,
          null,
          null,
          1,
          null,
          1,
          null,
          null,
          null,
          null,
          1,
          null,
          null,
          null,
          null,
          null,
          null,
          null,
          null,
          null,
          null,
          null,
          null,
          null,
          null,
          null,
          null,
          null,
          1,
          null,
          null,
          1,
          null,
          null,
          null
        ]
      },
      "/Users/bart/Documents/DEV/libra_app/config/environment.rb": {
        "lines": [
          null,
          null,
          null,
          1,
          null,
          null,
          1
        ]
      },
      "/Users/bart/Documents/DEV/libra_app/config/application.rb": {
        "lines": [
          null,
          null,
          1,
          null,
          1,
          null,
          1,
          1,
          1,
          null,
          1,
          1,
          null,
          null,
          1,
          1,
          null,
          null,
          null,
          null,
          1,
          null,
          1,
          1,
          null,
          1,
          null,
          null,
          null,
          null,
          null,
          null,
          null,
          null,
          null,
          null,
          1,
          1,
          null,
          null,
          1,
          null,
          null
        ]
      },
      "/Users/bart/Documents/DEV/libra_app/config/boot.rb": {
        "lines": [
          null,
          null,
          1,
          null,
          1,
          1
        ]
      },
      "/Users/bart/Documents/DEV/libra_app/config/environments/test.rb": {
        "lines": [
          null,
          null,
          1,
          null,
          null,
          null,
          null,
          null,
          null,
          1,
          null,
          1,
          1,
          null,
          null,
          null,
          null,
          1,
          null,
          null,
          null,
          null,
          1,
          null,
          null,
          1,
          1,
          null,
          null,
          null,
          null,
          1,
          1,
          1,
          null,
          null,
          1,
          null,
          null,
          1,
          null,
          1,
          null,
          null,
          null,
          null,
          1,
          null,
          null,
          1,
          null,
          null,
          1,
          null,
          null,
          1,
          null,
          null,
          null,
          null,
          null,
          null,
          null
        ]
      },
      "/Users/bart/Documents/DEV/libra_app/config/initializers/assets.rb": {
        "lines": [
          null,
          null,
          null,
          null,
          null,
          1,
          null,
          null,
          null,
          null,
          null,
          null,
          null,
          null
        ]
      },
      "/Users/bart/Documents/DEV/libra_app/config/initializers/aws.rb": {
        "lines": [
          null,
          null,
          1,
          null,
          null,
          null
        ]
      },
      "/Users/bart/Documents/DEV/libra_app/config/initializers/content_security_policy.rb": {
        "lines": [
          null,
          null,
          null,
          null,
          null,
          null,
          null,
          null,
          null,
          null,
          null,
          null,
          null,
          null,
          null,
          null,
          null,
          null,
          null,
          null,
          null,
          null,
          null,
          null,
          null,
          null
        ]
      },
      "/Users/bart/Documents/DEV/libra_app/config/initializers/filter_parameter_logging.rb": {
        "lines": [
          null,
          null,
          null,
          null,
          null,
          null,
          null,
          1,
          null,
          null
        ]
      },
      "/Users/bart/Documents/DEV/libra_app/config/initializers/inflections.rb": {
        "lines": [
          null,
          null,
          null,
          null,
          null,
          null,
          null,
          null,
          null,
          null,
          null,
          null,
          null,
          null,
          null,
          1,
          1,
          null
        ]
      },
      "/Users/bart/Documents/DEV/libra_app/config/initializers/permissions_policy.rb": {
        "lines": [
          null,
          null,
          null,
          null,
          null,
          null,
          null,
          null,
          null,
          null,
          null,
          null
        ]
      },
      "/Users/bart/Documents/DEV/libra_app/config/initializers/rswag_api.rb": {
        "lines": [
          null,
          null,
          1,
          null,
          null,
          null,
          null,
          1,
          null,
          null,
          null,
          null,
          null,
          null,
          null
        ]
      },
      "/Users/bart/Documents/DEV/libra_app/config/initializers/rswag_ui.rb": {
        "lines": [
          null,
          null,
          1,
          null,
          null,
          null,
          null,
          null,
          null,
          null,
          null,
          1,
          null,
          null,
          null,
          null,
          null
        ]
      },
      "/Users/bart/Documents/DEV/libra_app/spec/factories/authors.rb": {
        "lines": [
          null,
          null,
          1,
          1,
          32,
          32,
          32,
          null,
          null
        ]
      },
      "/Users/bart/Documents/DEV/libra_app/spec/factories/books.rb": {
        "lines": [
          null,
          null,
          1,
          1,
          16,
          16,
          16,
          null,
          null
        ]
      },
      "/Users/bart/Documents/DEV/libra_app/config/routes.rb": {
        "lines": [
          null,
          null,
          1,
          1,
          1,
          1,
          1,
          null
        ]
      },
      "/Users/bart/Documents/DEV/libra_app/app/controllers/api/base.rb": {
        "lines": [
          null,
          null,
          1,
          1,
          1,
          null,
          null
        ]
      },
      "/Users/bart/Documents/DEV/libra_app/app/controllers/api/v1/base.rb": {
        "lines": [
          null,
          null,
          1,
          1,
          1,
          1,
          1,
          null,
          null,
          null
        ]
      },
      "/Users/bart/Documents/DEV/libra_app/app/controllers/api/v1/books.rb": {
        "lines": [
          null,
          null,
          1,
          1,
          1,
          1,
          1,
          1,
          1,
          null,
          1,
          3,
          3,
          3,
          3,
          null,
          3,
          2,
          null,
          null,
          1,
          1,
          null,
          null,
          1,
          1,
          1,
          null,
          0,
          null,
          null,
          null,
          3,
          3,
          3,
          null,
          null,
          null,
          null,
          null,
          3,
          1,
          1,
          null,
          null,
          3,
          3,
          3,
          3,
          3,
          3,
          null,
          null,
          null,
          3,
          1,
          null,
          null,
          null,
          null,
          1,
          1,
          null,
          0,
          null,
          null,
          null,
          3,
          3,
          3,
          1,
          1,
          null,
          null,
          3,
          3,
          3,
          3,
          3,
          3,
          null,
          null,
          3,
          1,
          1,
          null,
          null,
          null,
          null,
          1,
          null,
          null,
          3,
          3,
          1,
          1,
          1,
          null,
          null,
          null,
          null,
          1,
          1,
          null,
          null,
          1,
          3,
          null,
          null,
          1,
          null,
          null,
          null
        ]
      },
      "/Users/bart/Documents/DEV/libra_app/app/controllers/api/v1/authors.rb": {
        "lines": [
          null,
          null,
          1,
          1,
          1,
          1,
          1,
          1,
          1,
          null,
          1,
          3,
          3,
          3,
          null,
          null,
          null,
          null,
          null,
          3,
          1,
          1,
          null,
          null,
          3,
          3,
          3,
          3,
          3,
          null,
          null,
          3,
          1,
          null,
          null,
          null,
          null,
          1,
          1,
          null,
          0,
          null,
          null,
          null,
          3,
          3,
          3,
          1,
          null,
          1,
          null,
          null,
          null,
          null,
          null,
          null,
          null,
          null,
          1,
          null,
          null,
          3,
          3,
          3,
          3,
          3,
          null,
          3,
          1,
          1,
          null,
          null,
          null,
          null,
          1,
          null,
          null,
          3,
          3,
          1,
          1,
          1,
          null,
          null,
          null,
          null,
          1,
          0,
          null,
          null,
          1,
          2,
          null,
          null,
          1,
          null,
          null,
          null
        ]
      },
      "/Users/bart/Documents/DEV/libra_app/app/helpers/application_helper.rb": {
        "lines": [
          null,
          null,
          1,
          null
        ]
      },
      "/Users/bart/Documents/DEV/libra_app/app/helpers/static_helper.rb": {
        "lines": [
          null,
          null,
          1,
          null
        ]
      },
      "/Users/bart/Documents/DEV/libra_app/spec/support/factory_bot.rb": {
        "lines": [
          null,
          null,
          1,
          1,
          1,
          1,
          null,
          null
        ]
      },
      "/Users/bart/Documents/DEV/libra_app/app/models/author.rb": {
        "lines": [
          null,
          null,
          1,
          1,
          null,
          1,
          1,
          null,
          1,
          null
        ]
      },
      "/Users/bart/Documents/DEV/libra_app/app/models/application_record.rb": {
        "lines": [
          null,
          null,
          1,
          1,
          null
        ]
      },
      "/Users/bart/Documents/DEV/libra_app/spec/models/book_spec.rb": {
        "lines": [
          null,
          null,
          1,
          null,
          1,
          1,
          4,
          null,
          1,
          2,
          null,
          1,
          2,
          null,
          1,
          2,
          null,
          null,
          null
        ]
      },
      "/Users/bart/Documents/DEV/libra_app/app/models/book.rb": {
        "lines": [
          null,
          null,
          1,
          1,
          null,
          1,
          null
        ]
      },
      "/Users/bart/Documents/DEV/libra_app/spec/requests/api/v1/authors_spec.rb": {
        "lines": [
          null,
          null,
          1,
          null,
          1,
          1,
          8,
          null,
          null,
          1,
          2,
          null,
          2,
          null,
          1,
          1,
          1,
          1,
          null,
          null,
          null,
          1,
          1,
          2,
          null,
          1,
          1,
          1,
          1,
          null,
          null,
          1,
          1,
          null,
          null,
          null,
          1,
          1,
          1,
          1,
          null,
          null,
          1,
          1,
          null,
          null,
          null,
          null,
          1,
          2,
          null,
          2,
          null,
          1,
          1,
          1,
          null,
          null,
          null,
          1,
          3,
          null,
          1,
          1,
          1,
          null,
          1,
          1,
          null,
          null,
          null,
          1,
          1,
          1,
          null,
          1,
          1,
          null,
          null,
          null,
          null,
          1,
          2,
          null,
          1,
          1,
          1,
          null,
          null,
          1,
          1,
          null,
          null,
          null
        ]
      },
      "/Users/bart/Documents/DEV/libra_app/spec/requests/api/v1/books_spec.rb": {
        "lines": [
          null,
          null,
          1,
          null,
          1,
          1,
          8,
          null,
          null,
          1,
          2,
          null,
          2,
          null,
          1,
          1,
          1,
          1,
          null,
          null,
          null,
          1,
          2,
          2,
          null,
          1,
          1,
          1,
          1,
          null,
          null,
          1,
          1,
          null,
          null,
          null,
          1,
          1,
          1,
          1,
          null,
          null,
          1,
          1,
          null,
          null,
          null,
          null,
          1,
          2,
          null,
          2,
          null,
          1,
          1,
          1,
          null,
          null,
          null,
          1,
          3,
          null,
          1,
          1,
          1,
          null,
          1,
          1,
          null,
          null,
          null,
          1,
          1,
          1,
          null,
          1,
          1,
          null,
          null,
          null,
          null,
          1,
          2,
          null,
          1,
          1,
          1,
          null,
          null,
          1,
          1,
          null,
          null,
          null,
          1,
          4,
          null,
          1,
          2,
          null,
          1,
          1,
          1,
          null,
          1,
          1,
          null,
          1,
          1,
          null,
          null,
          null,
          1,
          1,
          1,
          null,
          1,
          1,
          null,
          null,
          1,
          1,
          1,
          1,
          null,
          1,
          1,
          null,
          null,
          null,
          null
        ]
      },
      "/Users/bart/Documents/DEV/libra_app/spec/requests/static_spec.rb": {
        "lines": [
          1,
          null,
          1,
          1,
          1,
          1,
          1,
          null,
          null,
          null
        ]
      },
      "/Users/bart/Documents/DEV/libra_app/app/controllers/api/v1/entities/author.rb": {
        "lines": [
          null,
          null,
          null,
          1,
          1,
          1,
          1,
          1,
          1,
          1,
          1,
          1,
          1,
          null,
          null,
          null,
          null
        ]
      },
      "/Users/bart/Documents/DEV/libra_app/app/controllers/api/v1/entities/book.rb": {
        "lines": [
          null,
          null,
          null,
          1,
          1,
          1,
          1,
          1,
          1,
          1,
          1,
          1,
          1,
          1,
          1,
          null,
          null,
          null,
          null
        ]
      },
      "/Users/bart/Documents/DEV/libra_app/app/controllers/static_controller.rb": {
        "lines": [
          null,
          null,
          1,
          1,
          null
        ]
      },
      "/Users/bart/Documents/DEV/libra_app/app/controllers/application_controller.rb": {
        "lines": [
          null,
          null,
          1,
          1,
          null,
          1,
          1,
          null
        ]
      }
    },
    "timestamp": 1690176911
  }
}
